Using pre-set license
Built from '2020.2/staging' branch; Version is '2020.2.7f1 (c53830e277f1) revision 12924976'; Using compiler version '192528614'; Build Type 'Release'
OS: 'Windows 10 Pro; OS build 19042.1083; Version 2009; 64bit' Language: 'en' Physical Memory: 16169 MB
BatchMode: 1, IsHumanControllingUs: 0, StartBugReporterOnCrash: 0, Is64bit: 1, IsPro: 0

 COMMAND LINE ARGUMENTS:
C:\Program Files\Unity\Hub\Editor\2020.2.7f1\Editor\Unity.exe
-adb2
-batchMode
-noUpm
-name
AssetImportWorker0
-projectPath
C:/UnityApps/Alien Runner
-logFile
Logs/AssetImportWorker0.log
-srvPort
60413
Successfully changed project path to: C:/UnityApps/Alien Runner
C:/UnityApps/Alien Runner
Using Asset Import Pipeline V2.
Refreshing native plugins compatible for Editor in 20.02 ms, found 0 plugins.
Preloading 0 native plugins for Editor in 0.00 ms.
Initialize engine version: 2020.2.7f1 (c53830e277f1)
[Subsystems] Discovering subsystems at path C:/Program Files/Unity/Hub/Editor/2020.2.7f1/Editor/Data/Resources/UnitySubsystems
[Subsystems] Discovering subsystems at path C:/UnityApps/Alien Runner/Assets
GfxDevice: creating device client; threaded=0
Direct3D:
    Version:  Direct3D 11.0 [level 11.1]
    Renderer: NVIDIA GeForce GTX 1660 Ti (ID=0x2191)
    Vendor:   
    VRAM:     5991 MB
    Driver:   27.21.14.5763
Initialize mono
Mono path[0] = 'C:/Program Files/Unity/Hub/Editor/2020.2.7f1/Editor/Data/Managed'
Mono path[1] = 'C:/Program Files/Unity/Hub/Editor/2020.2.7f1/Editor/Data/MonoBleedingEdge/lib/mono/unityjit'
Mono config path = 'C:/Program Files/Unity/Hub/Editor/2020.2.7f1/Editor/Data/MonoBleedingEdge/etc'
Using monoOptions --debugger-agent=transport=dt_socket,embedding=1,server=y,suspend=n,address=127.0.0.1:56484
Begin MonoManager ReloadAssembly
Registering precompiled unity dll's ...
Register platform support module: C:/Program Files/Unity/Hub/Editor/2020.2.7f1/Editor/Data/PlaybackEngines/WindowsStandaloneSupport/UnityEditor.WindowsStandalone.Extensions.dll
Registered in 0.001482 seconds.
Native extension for WindowsStandalone target not found
Refreshing native plugins compatible for Editor in 21.12 ms, found 0 plugins.
Preloading 0 native plugins for Editor in 0.00 ms.
Invoked RoslynAnalysisRunner static constructor.
RoslynAnalysisRunner will not be running.
RoslynAnalysisRunner has terminated.
Mono: successfully reloaded assembly
- Completed reload, in  1.314 seconds
Platform modules already initialized, skipping
Registering precompiled user dll's ...
Registered in 0.000519 seconds.
Begin MonoManager ReloadAssembly
Native extension for WindowsStandalone target not found
Refreshing native plugins compatible for Editor in 0.28 ms, found 0 plugins.
Preloading 0 native plugins for Editor in 0.00 ms.
Invoked RoslynAnalysisRunner static constructor.
RoslynAnalysisRunner will not be running.
RoslynAnalysisRunner has terminated.
Mono: successfully reloaded assembly
- Completed reload, in  0.638 seconds
Platform modules already initialized, skipping
========================================================================
Worker process is ready to serve import requests
Launched and connected shader compiler UnityShaderCompiler.exe after 0.03 seconds
Refreshing native plugins compatible for Editor in 0.31 ms, found 0 plugins.
Preloading 0 native plugins for Editor in 0.00 ms.
Unloading 1123 Unused Serialized files (Serialized files now loaded: 0)
System memory in use before: 70.7 MB.
System memory in use after: 70.8 MB.

Unloading 9 unused Assets to reduce memory usage. Loaded Objects now: 1585.
Total: 1.404100 ms (FindLiveObjects: 0.146300 ms CreateObjectMapping: 0.050000 ms MarkObjects: 1.143800 ms  DeleteObjects: 0.062500 ms)

========================================================================
Received Import Request.
  path: Assets/Prefabs/End.prefab
  artifactKey: Guid(2e61c3df790dbf04e8da4b94e4f13f55) Importer(815301076,1909f56bfc062723c751e8b465ee728b)
Start importing Assets/Prefabs/End.prefab using Guid(2e61c3df790dbf04e8da4b94e4f13f55) Importer(815301076,1909f56bfc062723c751e8b465ee728b)  -> (artifact id: 'b6b9e5b372e76382bf8071b6a76638ee') in 0.078310 seconds
  Import took 0.080148 seconds .

========================================================================
Received Import Request.
  Time since last request: 0.000179 seconds.
  path: Assets/Prefabs/Main Camera.prefab
  artifactKey: Guid(776164aebd7401e44b02bde12712fe9d) Importer(815301076,1909f56bfc062723c751e8b465ee728b)
Start importing Assets/Prefabs/Main Camera.prefab using Guid(776164aebd7401e44b02bde12712fe9d) Importer(815301076,1909f56bfc062723c751e8b465ee728b)  -> (artifact id: 'dd5f36d98252db71c671046d5a80f387') in 0.008545 seconds
  Import took 0.010291 seconds .

========================================================================
Received Import Request.
  Time since last request: 0.000130 seconds.
  path: Assets/Prefabs/GameMenager.prefab
  artifactKey: Guid(2e7988c8ee72a3746b42c917525b1a94) Importer(815301076,1909f56bfc062723c751e8b465ee728b)
Start importing Assets/Prefabs/GameMenager.prefab using Guid(2e7988c8ee72a3746b42c917525b1a94) Importer(815301076,1909f56bfc062723c751e8b465ee728b)  -> (artifact id: '8982d1bcb3f69a660014c0af53325ffa') in 0.007352 seconds
  Import took 0.009612 seconds .

========================================================================
Received Import Request.
  Time since last request: 0.000142 seconds.
  path: Assets/Prefabs
  artifactKey: Guid(759ecd2cf439e464baf57e877724d04b) Importer(815301076,1909f56bfc062723c751e8b465ee728b)
Start importing Assets/Prefabs using Guid(759ecd2cf439e464baf57e877724d04b) Importer(815301076,1909f56bfc062723c751e8b465ee728b)  -> (artifact id: '314c17bbf230ac17d90941814de3bb54') in 0.007187 seconds
  Import took 0.008921 seconds .

========================================================================
Received Import Request.
  Time since last request: 0.000153 seconds.
  path: Assets/Prefabs/Player.prefab
  artifactKey: Guid(e0b56b1395da7a847b5c092996a42572) Importer(815301076,1909f56bfc062723c751e8b465ee728b)
Start importing Assets/Prefabs/Player.prefab using Guid(e0b56b1395da7a847b5c092996a42572) Importer(815301076,1909f56bfc062723c751e8b465ee728b)  -> (artifact id: '767fc491d834356fcc53c2fe73fb8a67') in 0.055508 seconds
  Import took 0.057736 seconds .

========================================================================
Received Import Request.
  Time since last request: 0.000130 seconds.
  path: Assets/Prefabs/Canvas.prefab
  artifactKey: Guid(31ca7cc64385c1e4da9e0005316ecba1) Importer(815301076,1909f56bfc062723c751e8b465ee728b)
Start importing Assets/Prefabs/Canvas.prefab using Guid(31ca7cc64385c1e4da9e0005316ecba1) Importer(815301076,1909f56bfc062723c751e8b465ee728b)  -> (artifact id: '3b93e2daa8459eb020732194d549ec46') in 0.018411 seconds
  Import took 0.020746 seconds .

========================================================================
Received Import Request.
  Time since last request: 0.000622 seconds.
  path: Assets/Prefabs/Stone2.prefab
  artifactKey: Guid(ec1a52a4a2d416746a5ca682e987944a) Importer(815301076,1909f56bfc062723c751e8b465ee728b)
Start importing Assets/Prefabs/Stone2.prefab using Guid(ec1a52a4a2d416746a5ca682e987944a) Importer(815301076,1909f56bfc062723c751e8b465ee728b)  -> (artifact id: '1ad1c5cc92236ea68442f52309890e5d') in 0.015231 seconds
  Import took 0.017945 seconds .

========================================================================
Received Import Request.
  Time since last request: 0.000214 seconds.
  path: Assets/Prefabs/Stone3.prefab
  artifactKey: Guid(9814c45a6f3375a4bbec4d7c48661a5d) Importer(815301076,1909f56bfc062723c751e8b465ee728b)
Start importing Assets/Prefabs/Stone3.prefab using Guid(9814c45a6f3375a4bbec4d7c48661a5d) Importer(815301076,1909f56bfc062723c751e8b465ee728b)  -> (artifact id: '22a67b48b03dba49742f05debe65d8fb') in 0.018171 seconds
  Import took 0.020272 seconds .

========================================================================
Received Import Request.
  Time since last request: 0.000131 seconds.
  path: Assets/Prefabs/Stone1.prefab
  artifactKey: Guid(6fd2955411548804aa2333cd41d5b1f2) Importer(815301076,1909f56bfc062723c751e8b465ee728b)
Start importing Assets/Prefabs/Stone1.prefab using Guid(6fd2955411548804aa2333cd41d5b1f2) Importer(815301076,1909f56bfc062723c751e8b465ee728b)  -> (artifact id: '2c04fa6e5deadd2ce6b198ed2e3506e1') in 0.011742 seconds
  Import took 0.015393 seconds .

========================================================================
Received Import Request.
  Time since last request: 0.000266 seconds.
  path: Assets/Prefabs/Stone4.prefab
  artifactKey: Guid(dcc272c6692513842a42963d7df59662) Importer(815301076,1909f56bfc062723c751e8b465ee728b)
Start importing Assets/Prefabs/Stone4.prefab using Guid(dcc272c6692513842a42963d7df59662) Importer(815301076,1909f56bfc062723c751e8b465ee728b)  -> (artifact id: 'b443ef4d5f3849ca512e4f992ed1a29a') in 0.018374 seconds
  Import took 0.021467 seconds .

========================================================================
Received Import Request.
  Time since last request: 0.000441 seconds.
  path: Assets/Prefabs/Stone4.prefab
  artifactKey: Guid(dcc272c6692513842a42963d7df59662) Importer(815301076,1909f56bfc062723c751e8b465ee728b)
Start importing Assets/Prefabs/Stone4.prefab using Guid(dcc272c6692513842a42963d7df59662) Importer(815301076,1909f56bfc062723c751e8b465ee728b)  -> (artifact id: 'b443ef4d5f3849ca512e4f992ed1a29a') in 0.016800 seconds
  Import took 0.018772 seconds .

AssetImportWorkerClient::OnTransportError - code=2 error=End of file
